{"level":30,"time":"2025-06-03T17:18:24.947Z","pid":53748,"hostname":"KLVWJ3QX41","msg":"Fetching all tasks"}
{"level":30,"time":"2025-06-03T17:18:28.368Z","pid":53748,"hostname":"KLVWJ3QX41","msg":"Fetching all tasks"}
{"level":40,"time":"2025-06-03T17:18:32.533Z","pid":53748,"hostname":"KLVWJ3QX41","msg":"Task not found"}
{"level":40,"time":"2025-06-03T17:18:32.832Z","pid":53748,"hostname":"KLVWJ3QX41","msg":"Task not found"}
{"level":30,"time":"2025-06-03T17:34:54.279Z","pid":67443,"hostname":"KLVWJ3QX41","msg":"Fetching all tasks"}
{"level":40,"time":"2025-06-03T17:34:56.779Z","pid":67443,"hostname":"KLVWJ3QX41","msg":"Task not found"}
{"level":40,"time":"2025-06-03T17:34:57.917Z","pid":67443,"hostname":"KLVWJ3QX41","msg":"Task not found"}
{"level":30,"time":"2025-06-03T17:35:00.184Z","pid":67443,"hostname":"KLVWJ3QX41","msg":"Fetching all tasks"}
{"level":30,"time":"2025-06-03T17:35:15.443Z","pid":67443,"hostname":"KLVWJ3QX41","msg":"Task created"}
{"level":30,"time":"2025-06-03T17:35:15.457Z","pid":67443,"hostname":"KLVWJ3QX41","msg":"Fetching all tasks"}
{"level":30,"time":"2025-06-03T17:35:15.459Z","pid":67443,"hostname":"KLVWJ3QX41","msg":"Fetching all tasks"}
{"level":30,"time":"2025-06-03T17:35:17.558Z","pid":67443,"hostname":"KLVWJ3QX41","msg":"Task status updated"}
{"level":30,"time":"2025-06-03T17:35:23.920Z","pid":67443,"hostname":"KLVWJ3QX41","msg":"Task fetched"}
{"level":40,"time":"2025-06-03T17:35:28.801Z","pid":67443,"hostname":"KLVWJ3QX41","msg":"Task not found"}
{"level":40,"time":"2025-06-03T17:35:30.483Z","pid":67443,"hostname":"KLVWJ3QX41","msg":"Task not found"}
{"level":40,"time":"2025-06-03T17:35:30.715Z","pid":67443,"hostname":"KLVWJ3QX41","msg":"Task not found"}
{"level":40,"time":"2025-06-03T17:35:30.899Z","pid":67443,"hostname":"KLVWJ3QX41","msg":"Task not found"}
{"level":40,"time":"2025-06-03T17:35:31.058Z","pid":67443,"hostname":"KLVWJ3QX41","msg":"Task not found"}
{"level":40,"time":"2025-06-03T17:35:31.208Z","pid":67443,"hostname":"KLVWJ3QX41","msg":"Task not found"}
{"level":30,"time":"2025-06-03T18:05:30.244Z","pid":67443,"hostname":"KLVWJ3QX41","msg":"Fetching all tasks"}
{"level":30,"time":"2025-06-03T18:05:37.562Z","pid":67443,"hostname":"KLVWJ3QX41","msg":"Task created"}
{"level":30,"time":"2025-06-03T18:05:37.575Z","pid":67443,"hostname":"KLVWJ3QX41","msg":"Fetching all tasks"}
{"level":30,"time":"2025-06-03T18:05:37.577Z","pid":67443,"hostname":"KLVWJ3QX41","msg":"Fetching all tasks"}
{"level":30,"time":"2025-06-03T18:05:39.509Z","pid":67443,"hostname":"KLVWJ3QX41","msg":"Task status updated"}
{"level":30,"time":"2025-06-03T18:05:43.907Z","pid":67443,"hostname":"KLVWJ3QX41","msg":"Task fetched"}
