{"level":"info","message":"Fetching all tasks","timestamp":"2025-06-02T10:16:56.707Z"}
{"level":"info","message":"Fetching all tasks","timestamp":"2025-06-02T10:17:04.615Z"}
{"level":"info","message":"Fetching all tasks","timestamp":"2025-06-02T10:17:04.616Z"}
{"level":"info","message":"Fetching all tasks","timestamp":"2025-06-02T10:17:12.936Z"}
{"level":"info","message":"Task created","task":{"completed":false,"description":"very first my own task so happie","id":1,"title":"First task"},"timestamp":"2025-06-02T10:17:59.163Z"}
{"level":"info","message":"Fetching all tasks","timestamp":"2025-06-02T10:17:59.175Z"}
{"level":"info","message":"Fetching all tasks","timestamp":"2025-06-02T10:17:59.176Z"}
{"from":false,"level":"info","message":"Task status updated","taskId":1,"timestamp":"2025-06-02T10:18:01.413Z","to":true}
{"from":true,"level":"info","message":"Task status updated","taskId":1,"timestamp":"2025-06-02T10:18:02.134Z","to":false}
{"level":"info","message":"Fetching all tasks","timestamp":"2025-06-02T10:43:13.075Z"}
{"level":"info","message":"Fetching all tasks","timestamp":"2025-06-02T10:43:22.303Z"}
{"level":"info","message":"Fetching all tasks","timestamp":"2025-06-02T10:43:22.305Z"}
{"level":"info","message":"Fetching all tasks","timestamp":"2025-06-02T10:46:21.059Z"}
{"level":"info","message":"Task created","task":{"completed":false,"description":"safsef","id":1,"title":"esadsad"},"timestamp":"2025-06-02T10:46:43.753Z"}
{"level":"info","message":"Fetching all tasks","timestamp":"2025-06-02T10:46:43.768Z"}
{"level":"info","message":"Fetching all tasks","timestamp":"2025-06-02T10:46:43.769Z"}
{"level":"info","message":"Fetching all tasks","timestamp":"2025-06-02T11:36:55.714Z"}
{"level":"info","message":"Fetching all tasks","timestamp":"2025-06-02T11:37:52.484Z"}
{"level":"info","message":"Fetching all tasks","timestamp":"2025-06-02T11:37:52.485Z"}
{"level":"info","message":"Task created","task":{"completed":false,"description":"fdhdfh","id":1,"title":"xd"},"timestamp":"2025-06-02T11:37:56.374Z"}
{"level":"info","message":"Fetching all tasks","timestamp":"2025-06-02T11:37:56.388Z"}
{"level":"info","message":"Fetching all tasks","timestamp":"2025-06-02T11:37:56.389Z"}
{"from":false,"level":"info","message":"Task status updated","taskId":1,"timestamp":"2025-06-02T11:37:57.996Z","to":true}
{"from":true,"level":"info","message":"Task status updated","taskId":1,"timestamp":"2025-06-02T11:37:58.419Z","to":false}
{"level":"info","message":"Task fetched","task":{"completed":false,"description":"fdhdfh","id":1,"title":"xd"},"timestamp":"2025-06-02T11:37:59.700Z"}
{"level":"info","message":"Task fetched","task":{"completed":false,"description":"fdhdfh","id":1,"title":"xd"},"timestamp":"2025-06-02T11:37:59.701Z"}
{"level":"info","message":"Fetching all tasks","timestamp":"2025-06-02T11:38:02.010Z"}
{"level":"info","message":"Fetching all tasks","timestamp":"2025-06-02T11:38:02.011Z"}
{"from":false,"level":"info","message":"Task status updated","taskId":1,"timestamp":"2025-06-02T11:38:03.346Z","to":true}
{"level":"info","message":"Task fetched","task":{"completed":true,"description":"fdhdfh","id":1,"title":"xd"},"timestamp":"2025-06-02T11:38:04.656Z"}
{"level":"info","message":"Task fetched","task":{"completed":true,"description":"fdhdfh","id":1,"title":"xd"},"timestamp":"2025-06-02T11:38:04.658Z"}
{"level":"info","message":"Fetching all tasks","timestamp":"2025-06-02T11:38:06.149Z"}
{"level":"info","message":"Fetching all tasks","timestamp":"2025-06-02T11:38:06.151Z"}
{"level":"info","message":"Task created","task":{"completed":false,"description":"xsadsd","id":2,"title":"xddd"},"timestamp":"2025-06-02T11:57:56.771Z"}
{"level":"info","message":"Fetching all tasks","timestamp":"2025-06-02T11:57:56.785Z"}
{"level":"info","message":"Fetching all tasks","timestamp":"2025-06-02T11:57:56.786Z"}
{"from":false,"level":"info","message":"Task status updated","taskId":2,"timestamp":"2025-06-02T12:00:32.086Z","to":true}
{"from":true,"level":"info","message":"Task status updated","taskId":2,"timestamp":"2025-06-02T12:00:32.604Z","to":false}
{"level":"info","message":"Task created","task":{"completed":false,"description":"fsvdvfs","id":3,"title":"task3"},"timestamp":"2025-06-02T12:00:40.762Z"}
{"level":"info","message":"Fetching all tasks","timestamp":"2025-06-02T12:00:40.777Z"}
{"level":"info","message":"Fetching all tasks","timestamp":"2025-06-02T12:00:40.778Z"}
{"level":"info","message":"Task fetched","task":{"completed":false,"description":"fsvdvfs","id":3,"title":"task3"},"timestamp":"2025-06-02T12:00:42.493Z"}
{"level":"info","message":"Task fetched","task":{"completed":false,"description":"fsvdvfs","id":3,"title":"task3"},"timestamp":"2025-06-02T12:00:42.498Z"}
{"level":"info","message":"Fetching all tasks","timestamp":"2025-06-02T12:00:45.999Z"}
{"level":"info","message":"Fetching all tasks","timestamp":"2025-06-02T12:00:46.001Z"}
{"level":"info","message":"Fetching all tasks","timestamp":"2025-06-02T15:12:48.780Z"}
{"level":"info","message":"Task created","task":{"completed":false,"description":"dfgsfkjsjfsjfnsjbfnsjhfbnsjknfsjknfskjnfsjknfjkshbfkewgrywfgsduyghskjfhbsjfbvsdjhbsjdfgsekufygqkuergqwkjgbwaesjbfsjhdfbsjdhfgsuewuyweugyeusgyhdgughdgdbjgdfsgsdgsggsdfggagsgddgdgvsdfsdgadgsgfsdgdsfgsdgsgfgdgsdfgdsfhsdfghdfhdfhfhfdhdfhdfhdfhfhfdhdfhdvbdfcvbdfgbhdfghdfhdfhdfhdfh","id":1,"title":"hihjknknkn"},"timestamp":"2025-06-02T15:13:28.209Z"}
{"level":"info","message":"Fetching all tasks","timestamp":"2025-06-02T15:13:28.224Z"}
{"level":"info","message":"Fetching all tasks","timestamp":"2025-06-02T15:13:28.226Z"}
{"from":false,"level":"info","message":"Task status updated","taskId":1,"timestamp":"2025-06-02T15:13:34.175Z","to":true}
{"level":"info","message":"Fetching all tasks","timestamp":"2025-06-02T17:36:57.797Z"}
{"level":"info","message":"Fetching all tasks","timestamp":"2025-06-02T17:36:57.800Z"}
{"level":"info","message":"Task created","task":{"completed":false,"description":"dfvdfb","id":1,"title":"kkbbmb"},"timestamp":"2025-06-02T17:37:05.243Z"}
{"level":"info","message":"Fetching all tasks","timestamp":"2025-06-02T17:37:05.251Z"}
{"level":"info","message":"Fetching all tasks","timestamp":"2025-06-02T17:37:05.252Z"}
{"level":"info","message":"Fetching all tasks","timestamp":"2025-06-02T17:37:21.871Z"}
{"from":false,"level":"info","message":"Task status updated","taskId":1,"timestamp":"2025-06-02T17:37:24.047Z","to":true}
{"level":"info","message":"Task created","task":{"completed":false,"description":"fbfdbdfd","id":2,"title":"cvbdcb"},"timestamp":"2025-06-02T17:37:29.112Z"}
{"level":"info","message":"Fetching all tasks","timestamp":"2025-06-02T17:37:29.122Z"}
{"level":"info","message":"Fetching all tasks","timestamp":"2025-06-02T17:37:29.124Z"}
{"level":"info","message":"Fetching all tasks","timestamp":"2025-06-02T17:38:45.977Z"}
{"level":"info","message":"Fetching all tasks","timestamp":"2025-06-02T17:38:45.978Z"}
{"level":"info","message":"Task fetched","task":{"completed":false,"description":"fbfdbdfd","id":2,"title":"cvbdcb"},"timestamp":"2025-06-02T17:38:48.634Z"}
{"level":"info","message":"Task fetched","task":{"completed":false,"description":"fbfdbdfd","id":2,"title":"cvbdcb"},"timestamp":"2025-06-02T17:38:48.635Z"}
{"level":"info","message":"Fetching all tasks","timestamp":"2025-06-02T17:38:53.656Z"}
{"level":"info","message":"Fetching all tasks","timestamp":"2025-06-02T17:38:53.657Z"}
{"level":"info","message":"Task fetched","task":{"completed":true,"description":"dfvdfb","id":1,"title":"kkbbmb"},"timestamp":"2025-06-02T17:38:54.531Z"}
{"level":"info","message":"Task fetched","task":{"completed":true,"description":"dfvdfb","id":1,"title":"kkbbmb"},"timestamp":"2025-06-02T17:38:54.532Z"}
{"level":"info","message":"Fetching all tasks","timestamp":"2025-06-02T17:38:56.169Z"}
{"level":"info","message":"Fetching all tasks","timestamp":"2025-06-02T17:38:56.170Z"}
